2025-01-25T10:04:37.439+05:30  INFO 20468 --- [orchestrator] [main] c.t.o.OrchestratorApplication            : Starting OrchestratorApplication using Java 21.0.5 with PID 20468 (/Users/thiru/Desktop/orchestrator/target/classes started by thiru in /Users/thiru/Desktop/orchestrator)
2025-01-25T10:04:37.440+05:30  INFO 20468 --- [orchestrator] [main] c.t.o.OrchestratorApplication            : The following 1 profile is active: "dev"
2025-01-25T10:04:37.810+05:30  INFO 20468 --- [orchestrator] [main] .s.d.r.c.RepositoryConfigurationDelegate : Bootstrapping Spring Data JPA repositories in DEFAULT mode.
2025-01-25T10:04:37.839+05:30  INFO 20468 --- [orchestrator] [main] .s.d.r.c.RepositoryConfigurationDelegate : Finished Spring Data repository scanning in 24 ms. Found 2 JPA repository interfaces.
2025-01-25T10:04:38.092+05:30  INFO 20468 --- [orchestrator] [main] o.s.b.w.embedded.tomcat.TomcatWebServer  : Tomcat initialized with port 8080 (http)
2025-01-25T10:04:38.099+05:30  INFO 20468 --- [orchestrator] [main] o.apache.catalina.core.StandardService   : Starting service [Tomcat]
2025-01-25T10:04:38.099+05:30  INFO 20468 --- [orchestrator] [main] o.apache.catalina.core.StandardEngine    : Starting Servlet engine: [Apache Tomcat/10.1.34]
2025-01-25T10:04:38.122+05:30  INFO 20468 --- [orchestrator] [main] o.a.c.c.C.[Tomcat].[localhost].[/]       : Initializing Spring embedded WebApplicationContext
2025-01-25T10:04:38.122+05:30  INFO 20468 --- [orchestrator] [main] w.s.c.ServletWebServerApplicationContext : Root WebApplicationContext: initialization completed in 660 ms
2025-01-25T10:04:38.180+05:30  INFO 20468 --- [orchestrator] [main] com.zaxxer.hikari.HikariDataSource       : HikariPool-1 - Starting...
2025-01-25T10:04:38.283+05:30  INFO 20468 --- [orchestrator] [main] com.zaxxer.hikari.pool.HikariPool        : HikariPool-1 - Added connection conn0: url=jdbc:h2:mem:mydb user=SA
2025-01-25T10:04:38.285+05:30  INFO 20468 --- [orchestrator] [main] com.zaxxer.hikari.HikariDataSource       : HikariPool-1 - Start completed.
2025-01-25T10:04:38.316+05:30  INFO 20468 --- [orchestrator] [main] o.hibernate.jpa.internal.util.LogHelper  : HHH000204: Processing PersistenceUnitInfo [name: default]
2025-01-25T10:04:38.345+05:30  INFO 20468 --- [orchestrator] [main] org.hibernate.Version                    : HHH000412: Hibernate ORM core version 6.6.5.Final
2025-01-25T10:04:38.363+05:30  INFO 20468 --- [orchestrator] [main] o.h.c.internal.RegionFactoryInitiator    : HHH000026: Second-level cache disabled
2025-01-25T10:04:38.506+05:30  INFO 20468 --- [orchestrator] [main] o.s.o.j.p.SpringPersistenceUnitInfo      : No LoadTimeWeaver setup: ignoring JPA class transformer
2025-01-25T10:04:38.550+05:30  INFO 20468 --- [orchestrator] [main] org.hibernate.orm.connections.pooling    : HHH10001005: Database info:
	Database JDBC URL [Connecting through datasource 'HikariDataSource (HikariPool-1)']
	Database driver: undefined/unknown
	Database version: 2.3.232
	Autocommit mode: undefined/unknown
	Isolation level: undefined/unknown
	Minimum pool size: undefined/unknown
	Maximum pool size: undefined/unknown
2025-01-25T10:04:39.089+05:30  INFO 20468 --- [orchestrator] [main] o.h.e.t.j.p.i.JtaPlatformInitiator       : HHH000489: No JTA platform available (set 'hibernate.transaction.jta.platform' to enable JTA platform integration)
2025-01-25T10:04:39.123+05:30  INFO 20468 --- [orchestrator] [main] j.LocalContainerEntityManagerFactoryBean : Initialized JPA EntityManagerFactory for persistence unit 'default'
2025-01-25T10:04:39.253+05:30  INFO 20468 --- [orchestrator] [main] o.s.d.j.r.query.QueryEnhancerFactory     : Hibernate is in classpath; If applicable, HQL parser will be used.
2025-01-25T10:04:39.971+05:30  WARN 20468 --- [orchestrator] [main] JpaBaseConfiguration$JpaWebConfiguration : spring.jpa.open-in-view is enabled by default. Therefore, database queries may be performed during view rendering. Explicitly configure spring.jpa.open-in-view to disable this warning
2025-01-25T10:04:39.996+05:30  INFO 20468 --- [orchestrator] [main] o.s.v.b.OptionalValidatorFactoryBean     : Failed to set up a Bean Validation provider: jakarta.validation.NoProviderFoundException: Unable to create a Configuration, because no Jakarta Bean Validation provider could be found. Add a provider like Hibernate Validator (RI) to your classpath.
2025-01-25T10:04:40.190+05:30  INFO 20468 --- [orchestrator] [main] o.s.b.a.h2.H2ConsoleAutoConfiguration    : H2 console available at '/h2-console'. Database available at 'jdbc:h2:mem:mydb'
2025-01-25T10:04:40.229+05:30  INFO 20468 --- [orchestrator] [main] o.s.b.w.embedded.tomcat.TomcatWebServer  : Tomcat started on port 8080 (http) with context path '/'
2025-01-25T10:04:40.237+05:30  INFO 20468 --- [orchestrator] [main] c.t.o.OrchestratorApplication            : Started OrchestratorApplication in 3.025 seconds (process running for 3.342)
2025-01-25T10:04:42.391+05:30  INFO 20468 --- [orchestrator] [main] c.t.o.service.data.DataLoader            : Products loaded from URL
2025-01-25T10:04:46.169+05:30  INFO 20468 --- [orchestrator] [SpringApplicationShutdownHook] o.s.b.w.e.tomcat.GracefulShutdown        : Commencing graceful shutdown. Waiting for active requests to complete
2025-01-25T10:04:46.174+05:30  INFO 20468 --- [orchestrator] [tomcat-shutdown] o.s.b.w.e.tomcat.GracefulShutdown        : Graceful shutdown complete
2025-01-25T10:04:46.177+05:30  INFO 20468 --- [orchestrator] [SpringApplicationShutdownHook] j.LocalContainerEntityManagerFactoryBean : Closing JPA EntityManagerFactory for persistence unit 'default'
2025-01-25T10:04:46.180+05:30  INFO 20468 --- [orchestrator] [SpringApplicationShutdownHook] com.zaxxer.hikari.HikariDataSource       : HikariPool-1 - Shutdown initiated...
2025-01-25T10:04:46.181+05:30  INFO 20468 --- [orchestrator] [SpringApplicationShutdownHook] com.zaxxer.hikari.HikariDataSource       : HikariPool-1 - Shutdown completed.
